Performing C SOURCE FILE Test CMAKE_HAVE_LIBC_PTHREAD failed with the following output:
Change Dir: /home/mohamed/work_ws/src/Graduation/navigation_pkg/build/CMakeFiles/CMakeTmp

Run Build Command(s):/usr/bin/make cmTC_98e9e/fast && /usr/bin/make -f CMakeFiles/cmTC_98e9e.dir/build.make CMakeFiles/cmTC_98e9e.dir/build
make[1]: Entering directory '/home/mohamed/work_ws/src/Graduation/navigation_pkg/build/CMakeFiles/CMakeTmp'
Building C object CMakeFiles/cmTC_98e9e.dir/src.c.o
/usr/bin/cc   -DCMAKE_HAVE_LIBC_PTHREAD   -o CMakeFiles/cmTC_98e9e.dir/src.c.o   -c /home/mohamed/work_ws/src/Graduation/navigation_pkg/build/CMakeFiles/CMakeTmp/src.c
Linking C executable cmTC_98e9e
/usr/bin/cmake -E cmake_link_script CMakeFiles/cmTC_98e9e.dir/link.txt --verbose=1
/usr/bin/cc  -DCMAKE_HAVE_LIBC_PTHREAD    -rdynamic CMakeFiles/cmTC_98e9e.dir/src.c.o  -o cmTC_98e9e 
/usr/bin/ld: CMakeFiles/cmTC_98e9e.dir/src.c.o: in function `main':
src.c:(.text+0x46): undefined reference to `pthread_create'
/usr/bin/ld: src.c:(.text+0x52): undefined reference to `pthread_detach'
/usr/bin/ld: src.c:(.text+0x63): undefined reference to `pthread_join'
collect2: error: ld returned 1 exit status
make[1]: *** [CMakeFiles/cmTC_98e9e.dir/build.make:87: cmTC_98e9e] Error 1
make[1]: Leaving directory '/home/mohamed/work_ws/src/Graduation/navigation_pkg/build/CMakeFiles/CMakeTmp'
make: *** [Makefile:121: cmTC_98e9e/fast] Error 2


Source file was:
#include <pthread.h>

void* test_func(void* data)
{
  return data;
}

int main(void)
{
  pthread_t thread;
  pthread_create(&thread, NULL, test_func, NULL);
  pthread_detach(thread);
  pthread_join(thread, NULL);
  pthread_atfork(NULL, NULL, NULL);
  pthread_exit(NULL);

  return 0;
}

Determining if the function pthread_create exists in the pthreads failed with the following output:
Change Dir: /home/mohamed/work_ws/src/Graduation/navigation_pkg/build/CMakeFiles/CMakeTmp

Run Build Command(s):/usr/bin/make cmTC_63713/fast && /usr/bin/make -f CMakeFiles/cmTC_63713.dir/build.make CMakeFiles/cmTC_63713.dir/build
make[1]: Entering directory '/home/mohamed/work_ws/src/Graduation/navigation_pkg/build/CMakeFiles/CMakeTmp'
Building C object CMakeFiles/cmTC_63713.dir/CheckFunctionExists.c.o
/usr/bin/cc   -DCHECK_FUNCTION_EXISTS=pthread_create   -o CMakeFiles/cmTC_63713.dir/CheckFunctionExists.c.o   -c /usr/share/cmake-3.16/Modules/CheckFunctionExists.c
Linking C executable cmTC_63713
/usr/bin/cmake -E cmake_link_script CMakeFiles/cmTC_63713.dir/link.txt --verbose=1
/usr/bin/cc  -DCHECK_FUNCTION_EXISTS=pthread_create    -rdynamic CMakeFiles/cmTC_63713.dir/CheckFunctionExists.c.o  -o cmTC_63713  -lpthreads 
/usr/bin/ld: cannot find -lpthreads
collect2: error: ld returned 1 exit status
make[1]: *** [CMakeFiles/cmTC_63713.dir/build.make:87: cmTC_63713] Error 1
make[1]: Leaving directory '/home/mohamed/work_ws/src/Graduation/navigation_pkg/build/CMakeFiles/CMakeTmp'
make: *** [Makefile:121: cmTC_63713/fast] Error 2



Performing C SOURCE FILE Test CMAKE_HAVE_LIBC_PTHREAD failed with the following output:
Change Dir: /home/mohamed/work_ws/src/Graduation/navigation_pkg/build/CMakeFiles/CMakeTmp

Run Build Command(s):/usr/bin/make cmTC_b47e0/fast && /usr/bin/make -f CMakeFiles/cmTC_b47e0.dir/build.make CMakeFiles/cmTC_b47e0.dir/build
make[1]: Entering directory '/home/mohamed/work_ws/src/Graduation/navigation_pkg/build/CMakeFiles/CMakeTmp'
Building C object CMakeFiles/cmTC_b47e0.dir/src.c.o
/usr/bin/cc   -DCMAKE_HAVE_LIBC_PTHREAD   -o CMakeFiles/cmTC_b47e0.dir/src.c.o   -c /home/mohamed/work_ws/src/Graduation/navigation_pkg/build/CMakeFiles/CMakeTmp/src.c
Linking C executable cmTC_b47e0
/usr/bin/cmake -E cmake_link_script CMakeFiles/cmTC_b47e0.dir/link.txt --verbose=1
/usr/bin/cc  -DCMAKE_HAVE_LIBC_PTHREAD    -rdynamic CMakeFiles/cmTC_b47e0.dir/src.c.o  -o cmTC_b47e0 
/usr/bin/ld: CMakeFiles/cmTC_b47e0.dir/src.c.o: in function `main':
src.c:(.text+0x46): undefined reference to `pthread_create'
/usr/bin/ld: src.c:(.text+0x52): undefined reference to `pthread_detach'
/usr/bin/ld: src.c:(.text+0x63): undefined reference to `pthread_join'
collect2: error: ld returned 1 exit status
make[1]: *** [CMakeFiles/cmTC_b47e0.dir/build.make:87: cmTC_b47e0] Error 1
make[1]: Leaving directory '/home/mohamed/work_ws/src/Graduation/navigation_pkg/build/CMakeFiles/CMakeTmp'
make: *** [Makefile:121: cmTC_b47e0/fast] Error 2


Source file was:
#include <pthread.h>

void* test_func(void* data)
{
  return data;
}

int main(void)
{
  pthread_t thread;
  pthread_create(&thread, NULL, test_func, NULL);
  pthread_detach(thread);
  pthread_join(thread, NULL);
  pthread_atfork(NULL, NULL, NULL);
  pthread_exit(NULL);

  return 0;
}

Determining if the function pthread_create exists in the pthreads failed with the following output:
Change Dir: /home/mohamed/work_ws/src/Graduation/navigation_pkg/build/CMakeFiles/CMakeTmp

Run Build Command(s):/usr/bin/make cmTC_6ec9b/fast && /usr/bin/make -f CMakeFiles/cmTC_6ec9b.dir/build.make CMakeFiles/cmTC_6ec9b.dir/build
make[1]: Entering directory '/home/mohamed/work_ws/src/Graduation/navigation_pkg/build/CMakeFiles/CMakeTmp'
Building C object CMakeFiles/cmTC_6ec9b.dir/CheckFunctionExists.c.o
/usr/bin/cc   -DCHECK_FUNCTION_EXISTS=pthread_create   -o CMakeFiles/cmTC_6ec9b.dir/CheckFunctionExists.c.o   -c /usr/share/cmake-3.16/Modules/CheckFunctionExists.c
Linking C executable cmTC_6ec9b
/usr/bin/cmake -E cmake_link_script CMakeFiles/cmTC_6ec9b.dir/link.txt --verbose=1
/usr/bin/cc  -DCHECK_FUNCTION_EXISTS=pthread_create    -rdynamic CMakeFiles/cmTC_6ec9b.dir/CheckFunctionExists.c.o  -o cmTC_6ec9b  -lpthreads 
/usr/bin/ld: cannot find -lpthreads
collect2: error: ld returned 1 exit status
make[1]: *** [CMakeFiles/cmTC_6ec9b.dir/build.make:87: cmTC_6ec9b] Error 1
make[1]: Leaving directory '/home/mohamed/work_ws/src/Graduation/navigation_pkg/build/CMakeFiles/CMakeTmp'
make: *** [Makefile:121: cmTC_6ec9b/fast] Error 2



Performing C SOURCE FILE Test CMAKE_HAVE_LIBC_PTHREAD failed with the following output:
Change Dir: /home/mohamed/work_ws/src/Graduation/navigation_pkg/build/CMakeFiles/CMakeTmp

Run Build Command(s):/usr/bin/make cmTC_00d37/fast && /usr/bin/make -f CMakeFiles/cmTC_00d37.dir/build.make CMakeFiles/cmTC_00d37.dir/build
make[1]: Entering directory '/home/mohamed/work_ws/src/Graduation/navigation_pkg/build/CMakeFiles/CMakeTmp'
Building C object CMakeFiles/cmTC_00d37.dir/src.c.o
/usr/bin/cc   -DCMAKE_HAVE_LIBC_PTHREAD   -o CMakeFiles/cmTC_00d37.dir/src.c.o   -c /home/mohamed/work_ws/src/Graduation/navigation_pkg/build/CMakeFiles/CMakeTmp/src.c
Linking C executable cmTC_00d37
/usr/bin/cmake -E cmake_link_script CMakeFiles/cmTC_00d37.dir/link.txt --verbose=1
/usr/bin/cc  -DCMAKE_HAVE_LIBC_PTHREAD    -rdynamic CMakeFiles/cmTC_00d37.dir/src.c.o  -o cmTC_00d37 
/usr/bin/ld: CMakeFiles/cmTC_00d37.dir/src.c.o: in function `main':
src.c:(.text+0x46): undefined reference to `pthread_create'
/usr/bin/ld: src.c:(.text+0x52): undefined reference to `pthread_detach'
/usr/bin/ld: src.c:(.text+0x63): undefined reference to `pthread_join'
collect2: error: ld returned 1 exit status
make[1]: *** [CMakeFiles/cmTC_00d37.dir/build.make:87: cmTC_00d37] Error 1
make[1]: Leaving directory '/home/mohamed/work_ws/src/Graduation/navigation_pkg/build/CMakeFiles/CMakeTmp'
make: *** [Makefile:121: cmTC_00d37/fast] Error 2


Source file was:
#include <pthread.h>

void* test_func(void* data)
{
  return data;
}

int main(void)
{
  pthread_t thread;
  pthread_create(&thread, NULL, test_func, NULL);
  pthread_detach(thread);
  pthread_join(thread, NULL);
  pthread_atfork(NULL, NULL, NULL);
  pthread_exit(NULL);

  return 0;
}

Determining if the function pthread_create exists in the pthreads failed with the following output:
Change Dir: /home/mohamed/work_ws/src/Graduation/navigation_pkg/build/CMakeFiles/CMakeTmp

Run Build Command(s):/usr/bin/make cmTC_e5726/fast && /usr/bin/make -f CMakeFiles/cmTC_e5726.dir/build.make CMakeFiles/cmTC_e5726.dir/build
make[1]: Entering directory '/home/mohamed/work_ws/src/Graduation/navigation_pkg/build/CMakeFiles/CMakeTmp'
Building C object CMakeFiles/cmTC_e5726.dir/CheckFunctionExists.c.o
/usr/bin/cc   -DCHECK_FUNCTION_EXISTS=pthread_create   -o CMakeFiles/cmTC_e5726.dir/CheckFunctionExists.c.o   -c /usr/share/cmake-3.16/Modules/CheckFunctionExists.c
Linking C executable cmTC_e5726
/usr/bin/cmake -E cmake_link_script CMakeFiles/cmTC_e5726.dir/link.txt --verbose=1
/usr/bin/cc  -DCHECK_FUNCTION_EXISTS=pthread_create    -rdynamic CMakeFiles/cmTC_e5726.dir/CheckFunctionExists.c.o  -o cmTC_e5726  -lpthreads 
/usr/bin/ld: cannot find -lpthreads
collect2: error: ld returned 1 exit status
make[1]: *** [CMakeFiles/cmTC_e5726.dir/build.make:87: cmTC_e5726] Error 1
make[1]: Leaving directory '/home/mohamed/work_ws/src/Graduation/navigation_pkg/build/CMakeFiles/CMakeTmp'
make: *** [Makefile:121: cmTC_e5726/fast] Error 2



Performing C SOURCE FILE Test CMAKE_HAVE_LIBC_PTHREAD failed with the following output:
Change Dir: /home/mohamed/work_ws/src/Graduation/navigation_pkg/build/CMakeFiles/CMakeTmp

Run Build Command(s):/usr/bin/make cmTC_1d313/fast && /usr/bin/make -f CMakeFiles/cmTC_1d313.dir/build.make CMakeFiles/cmTC_1d313.dir/build
make[1]: Entering directory '/home/mohamed/work_ws/src/Graduation/navigation_pkg/build/CMakeFiles/CMakeTmp'
Building C object CMakeFiles/cmTC_1d313.dir/src.c.o
/usr/bin/cc   -DCMAKE_HAVE_LIBC_PTHREAD   -o CMakeFiles/cmTC_1d313.dir/src.c.o   -c /home/mohamed/work_ws/src/Graduation/navigation_pkg/build/CMakeFiles/CMakeTmp/src.c
Linking C executable cmTC_1d313
/usr/bin/cmake -E cmake_link_script CMakeFiles/cmTC_1d313.dir/link.txt --verbose=1
/usr/bin/cc  -DCMAKE_HAVE_LIBC_PTHREAD    -rdynamic CMakeFiles/cmTC_1d313.dir/src.c.o  -o cmTC_1d313 
/usr/bin/ld: CMakeFiles/cmTC_1d313.dir/src.c.o: in function `main':
src.c:(.text+0x46): undefined reference to `pthread_create'
/usr/bin/ld: src.c:(.text+0x52): undefined reference to `pthread_detach'
/usr/bin/ld: src.c:(.text+0x63): undefined reference to `pthread_join'
collect2: error: ld returned 1 exit status
make[1]: *** [CMakeFiles/cmTC_1d313.dir/build.make:87: cmTC_1d313] Error 1
make[1]: Leaving directory '/home/mohamed/work_ws/src/Graduation/navigation_pkg/build/CMakeFiles/CMakeTmp'
make: *** [Makefile:121: cmTC_1d313/fast] Error 2


Source file was:
#include <pthread.h>

void* test_func(void* data)
{
  return data;
}

int main(void)
{
  pthread_t thread;
  pthread_create(&thread, NULL, test_func, NULL);
  pthread_detach(thread);
  pthread_join(thread, NULL);
  pthread_atfork(NULL, NULL, NULL);
  pthread_exit(NULL);

  return 0;
}

Determining if the function pthread_create exists in the pthreads failed with the following output:
Change Dir: /home/mohamed/work_ws/src/Graduation/navigation_pkg/build/CMakeFiles/CMakeTmp

Run Build Command(s):/usr/bin/make cmTC_9bcbb/fast && /usr/bin/make -f CMakeFiles/cmTC_9bcbb.dir/build.make CMakeFiles/cmTC_9bcbb.dir/build
make[1]: Entering directory '/home/mohamed/work_ws/src/Graduation/navigation_pkg/build/CMakeFiles/CMakeTmp'
Building C object CMakeFiles/cmTC_9bcbb.dir/CheckFunctionExists.c.o
/usr/bin/cc   -DCHECK_FUNCTION_EXISTS=pthread_create   -o CMakeFiles/cmTC_9bcbb.dir/CheckFunctionExists.c.o   -c /usr/share/cmake-3.16/Modules/CheckFunctionExists.c
Linking C executable cmTC_9bcbb
/usr/bin/cmake -E cmake_link_script CMakeFiles/cmTC_9bcbb.dir/link.txt --verbose=1
/usr/bin/cc  -DCHECK_FUNCTION_EXISTS=pthread_create    -rdynamic CMakeFiles/cmTC_9bcbb.dir/CheckFunctionExists.c.o  -o cmTC_9bcbb  -lpthreads 
/usr/bin/ld: cannot find -lpthreads
collect2: error: ld returned 1 exit status
make[1]: *** [CMakeFiles/cmTC_9bcbb.dir/build.make:87: cmTC_9bcbb] Error 1
make[1]: Leaving directory '/home/mohamed/work_ws/src/Graduation/navigation_pkg/build/CMakeFiles/CMakeTmp'
make: *** [Makefile:121: cmTC_9bcbb/fast] Error 2



